Copyright 1986-2017 Xilinx, Inc. All Rights Reserved.
-----------------------------------------------------------------------------------------------------------------------------------------------------------
| Tool Version : Vivado v.2017.4.1 (win64) Build 2117270 Tue Jan 30 15:32:00 MST 2018
| Date         : Fri Mar 30 14:04:45 2018
| Host         : STKServer running 64-bit major release  (build 9200)
| Command      : report_methodology -file leon3mp_methodology_drc_routed.rpt -pb leon3mp_methodology_drc_routed.pb -rpx leon3mp_methodology_drc_routed.rpx
| Design       : leon3mp
| Device       : xc7z020clg484-1
| Speed File   : -1
| Design State : Routed
-----------------------------------------------------------------------------------------------------------------------------------------------------------

Report Methodology

Table of Contents
-----------------
1. REPORT SUMMARY
2. REPORT DETAILS

1. REPORT SUMMARY
-----------------
            Netlist: netlist
          Floorplan: design_1
      Design limits: <entire design considered>
             Max violations: <unlimited>
             Violations found: 22
+-----------+----------+-----------------------------+------------+
| Rule      | Severity | Description                 | Violations |
+-----------+----------+-----------------------------+------------+
| TIMING-17 | Warning  | Non-clocked sequential cell | 22         |
+-----------+----------+-----------------------------+------------+

2. REPORT DETAILS
-----------------
TIMING-17#1 Warning
Non-clocked sequential cell  
The clock pin ahbjtaggen0.ahbjtag0/gupdff.updff/y1.q_reg/C is not reached by a timing clock
Related violations: <none>

TIMING-17#2 Warning
Non-clocked sequential cell  
The clock pin ahbjtaggen0.ahbjtag0/newcom.jtagcom0/tnr2_reg[addrlo][2]/C is not reached by a timing clock
Related violations: <none>

TIMING-17#3 Warning
Non-clocked sequential cell  
The clock pin ahbjtaggen0.ahbjtag0/newcom.jtagcom0/tnr2_reg[addrlo][3]/C is not reached by a timing clock
Related violations: <none>

TIMING-17#4 Warning
Non-clocked sequential cell  
The clock pin ahbjtaggen0.ahbjtag0/newcom.jtagcom0/tnr2_reg[addrlo][4]/C is not reached by a timing clock
Related violations: <none>

TIMING-17#5 Warning
Non-clocked sequential cell  
The clock pin ahbjtaggen0.ahbjtag0/newcom.jtagcom0/tnr2_reg[addrlo][5]/C is not reached by a timing clock
Related violations: <none>

TIMING-17#6 Warning
Non-clocked sequential cell  
The clock pin ahbjtaggen0.ahbjtag0/newcom.jtagcom0/tnr2_reg[addrlo][6]/C is not reached by a timing clock
Related violations: <none>

TIMING-17#7 Warning
Non-clocked sequential cell  
The clock pin ahbjtaggen0.ahbjtag0/newcom.jtagcom0/tnr2_reg[addrlo][7]/C is not reached by a timing clock
Related violations: <none>

TIMING-17#8 Warning
Non-clocked sequential cell  
The clock pin ahbjtaggen0.ahbjtag0/newcom.jtagcom0/tnr2_reg[addrlo][8]/C is not reached by a timing clock
Related violations: <none>

TIMING-17#9 Warning
Non-clocked sequential cell  
The clock pin ahbjtaggen0.ahbjtag0/newcom.jtagcom0/tnr2_reg[addrlo][9]/C is not reached by a timing clock
Related violations: <none>

TIMING-17#10 Warning
Non-clocked sequential cell  
The clock pin ahbjtaggen0.ahbjtag0/newcom.jtagcom0/tpr2_reg[addr][0]/C is not reached by a timing clock
Related violations: <none>

TIMING-17#11 Warning
Non-clocked sequential cell  
The clock pin ahbjtaggen0.ahbjtag0/newcom.jtagcom0/tpr2_reg[addr][10]/C is not reached by a timing clock
Related violations: <none>

TIMING-17#12 Warning
Non-clocked sequential cell  
The clock pin ahbjtaggen0.ahbjtag0/newcom.jtagcom0/tpr2_reg[addr][11]_srl23/CLK is not reached by a timing clock
Related violations: <none>

TIMING-17#13 Warning
Non-clocked sequential cell  
The clock pin ahbjtaggen0.ahbjtag0/newcom.jtagcom0/tpr2_reg[addr][1]/C is not reached by a timing clock
Related violations: <none>

TIMING-17#14 Warning
Non-clocked sequential cell  
The clock pin ahbjtaggen0.ahbjtag0/newcom.jtagcom0/tpr2_reg[addr][2]/C is not reached by a timing clock
Related violations: <none>

TIMING-17#15 Warning
Non-clocked sequential cell  
The clock pin ahbjtaggen0.ahbjtag0/newcom.jtagcom0/tpr2_reg[addr][34]/C is not reached by a timing clock
Related violations: <none>

TIMING-17#16 Warning
Non-clocked sequential cell  
The clock pin ahbjtaggen0.ahbjtag0/newcom.jtagcom0/tpr2_reg[addr][3]/C is not reached by a timing clock
Related violations: <none>

TIMING-17#17 Warning
Non-clocked sequential cell  
The clock pin ahbjtaggen0.ahbjtag0/newcom.jtagcom0/tpr2_reg[addr][4]/C is not reached by a timing clock
Related violations: <none>

TIMING-17#18 Warning
Non-clocked sequential cell  
The clock pin ahbjtaggen0.ahbjtag0/newcom.jtagcom0/tpr2_reg[addr][5]/C is not reached by a timing clock
Related violations: <none>

TIMING-17#19 Warning
Non-clocked sequential cell  
The clock pin ahbjtaggen0.ahbjtag0/newcom.jtagcom0/tpr2_reg[addr][6]/C is not reached by a timing clock
Related violations: <none>

TIMING-17#20 Warning
Non-clocked sequential cell  
The clock pin ahbjtaggen0.ahbjtag0/newcom.jtagcom0/tpr2_reg[addr][7]/C is not reached by a timing clock
Related violations: <none>

TIMING-17#21 Warning
Non-clocked sequential cell  
The clock pin ahbjtaggen0.ahbjtag0/newcom.jtagcom0/tpr2_reg[addr][8]/C is not reached by a timing clock
Related violations: <none>

TIMING-17#22 Warning
Non-clocked sequential cell  
The clock pin ahbjtaggen0.ahbjtag0/newcom.jtagcom0/tpr2_reg[addr][9]/C is not reached by a timing clock
Related violations: <none>


